INFO 2022-11-11 15:30:37,379 autoreload Watching for file changes with StatReloader
INFO 2022-11-11 15:30:48,228 autoreload Watching for file changes with StatReloader
INFO 2022-11-11 15:33:11,371 autoreload C:\Users\91813\Desktop\e-com project\ecommerceproject\customer_api\views.py changed, reloading.
INFO 2022-11-11 15:33:12,926 autoreload Watching for file changes with StatReloader
INFO 2022-11-11 15:33:22,986 autoreload C:\Users\91813\Desktop\e-com project\ecommerceproject\customer_api\views.py changed, reloading.
INFO 2022-11-11 15:33:25,361 autoreload Watching for file changes with StatReloader
INFO 2022-11-11 15:33:31,987 autoreload C:\Users\91813\Desktop\e-com project\ecommerceproject\customer_api\views.py changed, reloading.
INFO 2022-11-11 15:33:33,540 autoreload Watching for file changes with StatReloader
INFO 2022-11-11 15:33:38,193 autoreload C:\Users\91813\Desktop\e-com project\ecommerceproject\customer_api\views.py changed, reloading.
INFO 2022-11-11 15:33:39,559 autoreload Watching for file changes with StatReloader
INFO 2022-11-11 15:33:52,107 autoreload C:\Users\91813\Desktop\e-com project\ecommerceproject\customer_api\views.py changed, reloading.
INFO 2022-11-11 15:33:54,196 autoreload Watching for file changes with StatReloader
INFO 2022-11-11 15:34:00,778 autoreload C:\Users\91813\Desktop\e-com project\ecommerceproject\customer_api\views.py changed, reloading.
INFO 2022-11-11 15:34:02,550 autoreload Watching for file changes with StatReloader
INFO 2022-11-11 15:34:11,499 autoreload C:\Users\91813\Desktop\e-com project\ecommerceproject\customer_api\views.py changed, reloading.
INFO 2022-11-11 15:34:13,177 autoreload Watching for file changes with StatReloader
INFO 2022-11-11 15:34:18,663 autoreload C:\Users\91813\Desktop\e-com project\ecommerceproject\customer_api\views.py changed, reloading.
INFO 2022-11-11 15:34:20,654 autoreload Watching for file changes with StatReloader
INFO 2022-11-11 15:34:23,818 autoreload C:\Users\91813\Desktop\e-com project\ecommerceproject\customer_api\views.py changed, reloading.
INFO 2022-11-11 15:34:25,380 autoreload Watching for file changes with StatReloader
INFO 2022-11-11 15:34:28,730 autoreload C:\Users\91813\Desktop\e-com project\ecommerceproject\customer_api\views.py changed, reloading.
INFO 2022-11-11 15:34:30,620 autoreload Watching for file changes with StatReloader
INFO 2022-11-11 15:34:34,077 autoreload C:\Users\91813\Desktop\e-com project\ecommerceproject\customer_api\views.py changed, reloading.
INFO 2022-11-11 15:34:35,300 autoreload Watching for file changes with StatReloader
INFO 2022-11-11 15:34:43,489 autoreload C:\Users\91813\Desktop\e-com project\ecommerceproject\customer_api\views.py changed, reloading.
INFO 2022-11-11 15:34:44,913 autoreload Watching for file changes with StatReloader
INFO 2022-11-11 15:34:48,019 autoreload C:\Users\91813\Desktop\e-com project\ecommerceproject\customer_api\views.py changed, reloading.
INFO 2022-11-11 15:34:49,565 autoreload Watching for file changes with StatReloader
INFO 2022-11-11 15:35:09,295 autoreload C:\Users\91813\Desktop\e-com project\ecommerceproject\customer_api\views.py changed, reloading.
INFO 2022-11-11 15:35:10,968 autoreload Watching for file changes with StatReloader
INFO 2022-11-11 15:35:14,011 autoreload C:\Users\91813\Desktop\e-com project\ecommerceproject\customer_api\views.py changed, reloading.
INFO 2022-11-11 15:35:15,443 autoreload Watching for file changes with StatReloader
INFO 2022-11-11 15:35:48,262 autoreload C:\Users\91813\Desktop\e-com project\ecommerceproject\customer_api\views.py changed, reloading.
INFO 2022-11-11 15:35:49,794 autoreload Watching for file changes with StatReloader
INFO 2022-11-11 15:36:37,684 autoreload C:\Users\91813\Desktop\e-com project\ecommerceproject\customer_api\views.py changed, reloading.
INFO 2022-11-11 15:36:39,821 autoreload Watching for file changes with StatReloader
INFO 2022-11-11 15:36:45,872 autoreload C:\Users\91813\Desktop\e-com project\ecommerceproject\customer_api\views.py changed, reloading.
INFO 2022-11-11 15:36:47,221 autoreload Watching for file changes with StatReloader
INFO 2022-11-11 15:36:53,522 autoreload C:\Users\91813\Desktop\e-com project\ecommerceproject\customer_api\views.py changed, reloading.
INFO 2022-11-11 15:36:54,957 autoreload Watching for file changes with StatReloader
INFO 2022-11-11 15:37:01,217 autoreload C:\Users\91813\Desktop\e-com project\ecommerceproject\customer_api\views.py changed, reloading.
INFO 2022-11-11 15:37:03,179 autoreload Watching for file changes with StatReloader
INFO 2022-11-11 15:38:00,567 autoreload C:\Users\91813\Desktop\e-com project\ecommerceproject\customer_api\views.py changed, reloading.
INFO 2022-11-11 15:38:02,128 autoreload Watching for file changes with StatReloader
INFO 2022-11-11 15:38:06,174 autoreload C:\Users\91813\Desktop\e-com project\ecommerceproject\customer_api\views.py changed, reloading.
INFO 2022-11-11 15:38:07,699 autoreload Watching for file changes with StatReloader
INFO 2022-11-11 15:38:11,585 autoreload C:\Users\91813\Desktop\e-com project\ecommerceproject\customer_api\views.py changed, reloading.
INFO 2022-11-11 15:38:13,143 autoreload Watching for file changes with StatReloader
INFO 2022-11-11 15:38:16,223 autoreload C:\Users\91813\Desktop\e-com project\ecommerceproject\customer_api\views.py changed, reloading.
INFO 2022-11-11 15:38:17,629 autoreload Watching for file changes with StatReloader
INFO 2022-11-11 15:49:46,124 autoreload C:\Users\91813\Desktop\e-com project\ecommerceproject\customer_api\views.py changed, reloading.
INFO 2022-11-11 15:49:47,603 autoreload Watching for file changes with StatReloader
INFO 2022-11-14 12:04:43,322 autoreload Watching for file changes with StatReloader
INFO 2022-11-14 12:06:46,041 basehttp "GET / HTTP/1.1" 200 10813
INFO 2022-11-14 12:06:46,195 basehttp "GET /static/images/srch1.png HTTP/1.1" 304 0
INFO 2022-11-14 12:06:46,335 basehttp "GET /static/css/del.css HTTP/1.1" 200 1438
WARNING 2022-11-14 12:06:46,770 log Not Found: /favicon.ico
WARNING 2022-11-14 12:06:46,772 basehttp "GET /favicon.ico HTTP/1.1" 404 3503
INFO 2022-11-14 12:07:39,154 basehttp "GET /admin HTTP/1.1" 301 0
INFO 2022-11-14 12:07:39,194 basehttp "GET /admin/ HTTP/1.1" 302 0
INFO 2022-11-14 12:07:39,435 basehttp "GET /admin/login/?next=/admin/ HTTP/1.1" 200 2218
INFO 2022-11-14 12:07:39,509 basehttp "GET /static/admin/css/dark_mode.css HTTP/1.1" 200 796
INFO 2022-11-14 12:07:39,510 basehttp "GET /static/admin/css/nav_sidebar.css HTTP/1.1" 200 2619
INFO 2022-11-14 12:07:39,531 basehttp "GET /static/admin/js/nav_sidebar.js HTTP/1.1" 200 3763
INFO 2022-11-14 12:07:39,539 basehttp "GET /static/admin/css/base.css HTTP/1.1" 200 20344
INFO 2022-11-14 12:07:39,547 basehttp "GET /static/admin/css/fonts.css HTTP/1.1" 200 423
INFO 2022-11-14 12:07:39,550 basehttp "GET /static/admin/css/responsive.css HTTP/1.1" 200 18854
INFO 2022-11-14 12:07:39,565 basehttp "GET /static/admin/css/login.css HTTP/1.1" 200 958
INFO 2022-11-14 12:07:39,695 basehttp "GET /static/admin/fonts/Roboto-Regular-webfont.woff HTTP/1.1" 200 85876
INFO 2022-11-14 12:07:39,708 basehttp "GET /static/admin/fonts/Roboto-Light-webfont.woff HTTP/1.1" 200 85692
INFO 2022-11-14 12:11:21,523 autoreload Watching for file changes with StatReloader
INFO 2022-11-14 12:11:26,431 basehttp "GET /admin/login/?next=/admin/ HTTP/1.1" 200 2218
INFO 2022-11-14 12:11:36,743 basehttp "POST /admin/login/?next=/admin/ HTTP/1.1" 302 0
INFO 2022-11-14 12:11:37,305 basehttp "GET /admin/ HTTP/1.1" 200 3580
INFO 2022-11-14 12:11:37,488 basehttp "GET /static/admin/css/dashboard.css HTTP/1.1" 200 380
INFO 2022-11-14 12:11:37,525 basehttp "GET /static/admin/img/icon-addlink.svg HTTP/1.1" 200 331
INFO 2022-11-14 12:11:37,525 basehttp "GET /static/admin/img/icon-changelink.svg HTTP/1.1" 200 380
INFO 2022-11-14 12:11:37,599 basehttp "GET /static/admin/fonts/Roboto-Bold-webfont.woff HTTP/1.1" 200 86184
INFO 2022-11-14 12:11:46,753 basehttp "GET /admin/auth/ HTTP/1.1" 200 3518
INFO 2022-11-14 12:11:50,448 basehttp "GET /admin/auth/group/ HTTP/1.1" 200 5200
INFO 2022-11-14 12:11:50,499 basehttp "GET /static/admin/css/changelists.css HTTP/1.1" 200 6395
INFO 2022-11-14 12:11:50,529 basehttp "GET /static/admin/js/jquery.init.js HTTP/1.1" 200 347
INFO 2022-11-14 12:11:50,546 basehttp "GET /static/admin/js/core.js HTTP/1.1" 200 5698
INFO 2022-11-14 12:11:50,548 basehttp "GET /static/admin/js/actions.js HTTP/1.1" 200 7872
INFO 2022-11-14 12:11:50,574 basehttp "GET /static/admin/js/vendor/jquery/jquery.js HTTP/1.1" 200 288580
INFO 2022-11-14 12:11:50,581 basehttp "GET /static/admin/js/prepopulate.js HTTP/1.1" 200 1531
INFO 2022-11-14 12:11:50,593 basehttp "GET /static/admin/js/vendor/xregexp/xregexp.js HTTP/1.1" 200 232381
INFO 2022-11-14 12:11:50,599 basehttp "GET /static/admin/js/admin/RelatedObjectLookups.js HTTP/1.1" 200 8919
INFO 2022-11-14 12:11:50,610 basehttp "GET /static/admin/js/urlify.js HTTP/1.1" 200 7902
INFO 2022-11-14 12:11:50,614 basehttp "GET /admin/jsi18n/ HTTP/1.1" 200 3343
INFO 2022-11-14 12:11:50,695 basehttp "GET /static/admin/js/filters.js HTTP/1.1" 200 966
INFO 2022-11-14 12:11:50,704 basehttp "GET /static/admin/img/search.svg HTTP/1.1" 200 458
INFO 2022-11-14 12:11:50,721 basehttp "GET /static/admin/img/tooltag-add.svg HTTP/1.1" 200 331
INFO 2022-11-14 12:11:54,014 basehttp "GET /admin/auth/ HTTP/1.1" 200 3518
INFO 2022-11-14 12:11:55,587 basehttp "GET /admin/auth/user/ HTTP/1.1" 200 8462
INFO 2022-11-14 12:11:55,696 basehttp "GET /static/admin/img/icon-yes.svg HTTP/1.1" 200 436
INFO 2022-11-14 12:11:55,778 basehttp "GET /admin/jsi18n/ HTTP/1.1" 200 3343
INFO 2022-11-14 12:11:55,939 basehttp "GET /static/admin/img/sorting-icons.svg HTTP/1.1" 200 1097
INFO 2022-11-14 12:12:06,578 basehttp "GET /admin/auth/group/ HTTP/1.1" 200 5200
INFO 2022-11-14 12:12:06,718 basehttp "GET /admin/jsi18n/ HTTP/1.1" 200 3343
WARNING 2022-11-14 12:12:37,539 log Not Found: /admin/home
WARNING 2022-11-14 12:12:37,540 basehttp "GET /admin/home HTTP/1.1" 404 4310
WARNING 2022-11-14 12:13:07,469 log Not Found: /admin/adminhome
WARNING 2022-11-14 12:13:07,470 basehttp "GET /admin/adminhome HTTP/1.1" 404 4325
INFO 2022-11-14 12:13:18,160 basehttp "GET /admin/ HTTP/1.1" 200 3580
INFO 2022-11-15 12:18:53,407 autoreload Watching for file changes with StatReloader
WARNING 2022-11-15 12:39:15,359 log Not Found: /customer_email_check
WARNING 2022-11-15 12:39:15,360 basehttp "OPTIONS /customer_email_check HTTP/1.1" 404 3534
INFO 2022-11-15 12:40:34,717 basehttp "GET / HTTP/1.1" 200 10813
INFO 2022-11-15 12:40:34,846 basehttp "GET /static/css/del.css HTTP/1.1" 304 0
WARNING 2022-11-15 12:40:35,139 log Not Found: /favicon.ico
WARNING 2022-11-15 12:40:35,140 basehttp "GET /favicon.ico HTTP/1.1" 404 3503
INFO 2022-11-15 12:40:44,734 basehttp "POST / HTTP/1.1" 302 0
INFO 2022-11-15 12:40:45,007 basehttp "GET /customer/home HTTP/1.1" 200 12097
INFO 2022-11-15 12:40:45,069 basehttp "GET /media/product/original.webp HTTP/1.1" 304 0
INFO 2022-11-15 12:40:45,104 basehttp "GET /media/product/gDLCap8mcJ32mNIZWTJyk2KyMLW.jpg HTTP/1.1" 304 0
INFO 2022-11-15 12:40:48,464 basehttp "GET /customer/product/2 HTTP/1.1" 200 2632
INFO 2022-11-15 12:40:48,518 basehttp "GET /static/css/home.css HTTP/1.1" 304 0
INFO 2022-11-15 12:40:51,176 basehttp "GET /customer/add_to_cart/2 HTTP/1.1" 302 0
INFO 2022-11-15 12:40:51,305 basehttp "GET /customer/home HTTP/1.1" 200 12097
INFO 2022-11-15 12:40:55,058 basehttp "GET /customer/cart HTTP/1.1" 200 5217
INFO 2022-11-15 12:40:59,142 basehttp "GET /customer/checkout/1 HTTP/1.1" 200 3692
INFO 2022-11-15 15:17:36,808 autoreload C:\Users\91813\Desktop\e-com project\ecommerceproject\customer\views.py changed, reloading.
INFO 2022-11-15 15:17:39,276 autoreload Watching for file changes with StatReloader
INFO 2022-11-15 15:17:46,379 autoreload C:\Users\91813\Desktop\e-com project\ecommerceproject\customer\views.py changed, reloading.
INFO 2022-11-15 15:17:47,959 autoreload Watching for file changes with StatReloader
INFO 2022-11-15 15:17:52,133 autoreload C:\Users\91813\Desktop\e-com project\ecommerceproject\customer\views.py changed, reloading.
INFO 2022-11-15 15:17:53,857 autoreload Watching for file changes with StatReloader
INFO 2022-11-15 15:18:00,583 autoreload C:\Users\91813\Desktop\e-com project\ecommerceproject\customer\views.py changed, reloading.
INFO 2022-11-15 15:18:02,706 autoreload Watching for file changes with StatReloader
INFO 2022-11-15 15:18:05,978 autoreload C:\Users\91813\Desktop\e-com project\ecommerceproject\customer\views.py changed, reloading.
INFO 2022-11-15 15:18:08,514 autoreload Watching for file changes with StatReloader
INFO 2022-11-15 15:18:13,899 autoreload C:\Users\91813\Desktop\e-com project\ecommerceproject\customer\views.py changed, reloading.
INFO 2022-11-15 15:18:15,202 autoreload Watching for file changes with StatReloader
INFO 2022-11-15 15:18:51,181 autoreload C:\Users\91813\Desktop\e-com project\ecommerceproject\customer\views.py changed, reloading.
INFO 2022-11-15 15:18:53,066 autoreload Watching for file changes with StatReloader
INFO 2022-11-15 15:19:00,817 autoreload C:\Users\91813\Desktop\e-com project\ecommerceproject\customer\views.py changed, reloading.
INFO 2022-11-15 15:19:02,396 autoreload Watching for file changes with StatReloader
INFO 2022-11-15 15:19:06,215 autoreload C:\Users\91813\Desktop\e-com project\ecommerceproject\customer\views.py changed, reloading.
INFO 2022-11-15 15:19:07,575 autoreload Watching for file changes with StatReloader
INFO 2022-11-15 15:21:28,143 basehttp "GET /customer/checkout/1 HTTP/1.1" 200 3747
INFO 2022-11-15 15:21:37,923 basehttp "GET /customer/checkout/1 HTTP/1.1" 200 3750
INFO 2022-11-15 15:22:08,757 autoreload C:\Users\91813\Desktop\e-com project\ecommerceproject\customer\views.py changed, reloading.
INFO 2022-11-15 15:22:10,900 autoreload Watching for file changes with StatReloader
INFO 2022-11-15 15:22:18,033 autoreload C:\Users\91813\Desktop\e-com project\ecommerceproject\customer\views.py changed, reloading.
INFO 2022-11-15 15:22:19,451 autoreload Watching for file changes with StatReloader
INFO 2022-11-15 15:29:44,116 autoreload Watching for file changes with StatReloader
INFO 2022-11-15 15:29:53,827 basehttp "GET /customer/checkout/1 HTTP/1.1" 200 3757
INFO 2022-11-15 15:36:17,030 basehttp "GET /customer/cart HTTP/1.1" 302 0
INFO 2022-11-15 15:36:17,044 basehttp "GET / HTTP/1.1" 200 10813
INFO 2022-11-15 15:36:25,782 basehttp "POST / HTTP/1.1" 302 0
INFO 2022-11-15 15:36:25,922 basehttp "GET /customer/home HTTP/1.1" 200 12097
INFO 2022-11-15 15:36:27,729 basehttp "GET /customer/cart HTTP/1.1" 200 5217
INFO 2022-11-15 15:36:32,274 basehttp "GET /customer/checkout/1 HTTP/1.1" 200 3757
INFO 2022-11-15 15:38:28,598 basehttp "GET /customer/checkout/2 HTTP/1.1" 200 3797
INFO 2022-11-16 11:53:11,492 autoreload Watching for file changes with StatReloader
INFO 2022-11-16 11:53:28,783 basehttp "GET / HTTP/1.1" 200 10813
INFO 2022-11-16 11:53:29,333 basehttp "GET /static/css/del.css HTTP/1.1" 200 1438
INFO 2022-11-16 11:53:31,230 basehttp "GET /static/images/srch1.png HTTP/1.1" 200 15693
WARNING 2022-11-16 11:53:31,676 log Not Found: /favicon.ico
WARNING 2022-11-16 11:53:31,678 basehttp "GET /favicon.ico HTTP/1.1" 404 3503
INFO 2022-11-16 11:54:30,810 basehttp "POST / HTTP/1.1" 302 0
INFO 2022-11-16 11:54:31,135 basehttp "GET /customer/home HTTP/1.1" 200 12097
INFO 2022-11-16 11:54:31,544 basehttp "GET /media/product/original.webp HTTP/1.1" 200 647434
INFO 2022-11-16 11:54:31,573 basehttp "GET /media/product/gDLCap8mcJ32mNIZWTJyk2KyMLW.jpg HTTP/1.1" 200 249599
INFO 2022-11-16 13:05:25,345 basehttp "GET /customer/home HTTP/1.1" 302 0
INFO 2022-11-16 13:05:25,483 basehttp "GET / HTTP/1.1" 200 10813
WARNING 2022-11-16 13:05:26,085 log Not Found: /favicon.ico
INFO 2022-11-16 13:05:26,088 basehttp - Broken pipe from ('127.0.0.1', 57568)
INFO 2022-11-16 13:05:36,154 basehttp "POST / HTTP/1.1" 302 0
INFO 2022-11-16 13:05:36,458 basehttp "GET /customer/home HTTP/1.1" 200 12097
INFO 2022-11-16 13:11:19,473 autoreload Watching for file changes with StatReloader
INFO 2022-11-16 13:11:34,757 autoreload Watching for file changes with StatReloader
